<?xml version="1.0" encoding="UTF-8"?>
<!-- Generated by org.testng.reporters.JUnitReportReporter -->
<testsuite hostname="DESKTOP-944TSMG" failures="0" tests="2" name="Module1_Login_Test.SwagLabLoginTest" time="24.332" errors="0" timestamp="2023-07-09T16:54:23 IST" skipped="0">
  <testcase classname="Module1_Login_Test.SwagLabLoginTest" name="verifyLogo" time="7.556">
    <system-out>
      <![CDATA[Jai Shree Ram...
Jai Shree Ram...]]>
    </system-out>
  </testcase> <!-- verifyLogo -->
  <testcase classname="Module1_Login_Test.SwagLabLoginTest" name="verifyAddToCartBtnCovertToRemove" time="16.776">
    <system-out>
      <![CDATA[Jai Shree Ram...
Jai Shree Hanuman...
My name is Niraj]]>
    </system-out>
  </testcase> <!-- verifyAddToCartBtnCovertToRemove -->
  <system-out>
    <![CDATA[Jai Shree Ram...
Jai Shree Ram...
Jai Shree Ram...
Jai Shree Hanuman...
My name is Niraj]]>
  </system-out>
</testsuite> <!-- Module1_Login_Test.SwagLabLoginTest -->
