<?xml version="1.0" encoding="UTF-8"?>
<!-- Generated by org.testng.reporters.JUnitReportReporter -->
<testsuite hostname="DESKTOP-944TSMG" failures="0" tests="2" name="Module1_Login_Test.SwagLabLoginTest" time="24.604" errors="0" timestamp="2023-07-08T20:20:23 IST" skipped="0">
  <testcase classname="Module1_Login_Test.SwagLabLoginTest" name="verifyLogo" time="7.711"/>
  <testcase classname="Module1_Login_Test.SwagLabLoginTest" name="verifyAddToCartBtnCovertToRemove" time="16.893"/>
</testsuite> <!-- Module1_Login_Test.SwagLabLoginTest -->
