<?xml version="1.0" encoding="UTF-8"?>
<!-- Generated by org.testng.reporters.JUnitReportReporter -->
<testsuite hostname="DESKTOP-944TSMG" failures="0" tests="1" name="Module1_Login_Test.SwagClassForGit" time="7.707" errors="0" timestamp="2023-07-09T17:22:44 IST" skipped="0">
  <testcase classname="Module1_Login_Test.SwagClassForGit" name="verifyLogo" time="7.707">
    <system-out>
      <![CDATA[Jai Shree Ram...
Jai Shree Ram...]]>
    </system-out>
  </testcase> <!-- verifyLogo -->
  <system-out>
    <![CDATA[Jai Shree Ram...
Jai Shree Ram...]]>
  </system-out>
</testsuite> <!-- Module1_Login_Test.SwagClassForGit -->
